SF:lib\Dashboard\dashboard.dart
DA:29,1
DA:37,1
DA:38,1
DA:133,1
DA:135,2
DA:136,0
DA:137,0
DA:138,0
DA:143,1
DA:144,1
DA:145,5
DA:146,1
DA:149,1
DA:153,2
DA:154,2
DA:155,1
DA:156,3
DA:157,1
DA:158,2
DA:159,6
DA:163,0
DA:164,0
DA:165,0
DA:166,0
DA:167,0
DA:169,0
DA:170,0
DA:171,0
DA:183,1
DA:185,3
DA:186,3
DA:188,1
DA:190,1
DA:191,1
DA:192,1
DA:193,2
DA:194,1
DA:196,1
DA:197,1
DA:198,1
DA:199,6
DA:200,1
DA:201,1
DA:202,1
DA:203,1
DA:205,2
DA:206,1
DA:207,1
DA:208,2
DA:209,1
DA:210,1
DA:211,1
DA:212,1
DA:214,2
DA:215,1
DA:218,1
DA:219,1
DA:220,1
DA:226,2
DA:227,1
DA:228,1
DA:229,2
DA:230,1
DA:233,1
DA:234,2
DA:235,2
DA:236,1
DA:240,0
DA:241,0
DA:242,0
DA:244,0
DA:247,0
DA:276,0
DA:277,0
DA:278,0
DA:280,0
DA:281,0
DA:282,0
DA:284,0
DA:286,0
DA:288,0
DA:291,0
DA:293,0
DA:295,0
DA:296,0
DA:299,0
DA:314,0
DA:315,0
DA:316,0
DA:318,0
DA:330,0
DA:332,0
DA:333,0
DA:334,0
DA:339,1
DA:342,1
DA:343,1
DA:344,1
DA:353,1
DA:354,2
DA:356,1
DA:358,0
DA:371,1
DA:373,2
DA:374,2
DA:417,2
DA:418,1
DA:421,1
DA:422,1
DA:423,1
DA:425,1
DA:426,1
DA:427,1
DA:428,1
DA:429,1
DA:430,1
DA:431,1
DA:432,1
DA:435,1
DA:441,1
DA:442,2
DA:449,1
DA:450,1
DA:451,1
DA:452,1
DA:453,2
DA:454,1
DA:457,1
DA:458,1
DA:461,1
DA:462,1
DA:463,1
DA:478,1
DA:479,1
DA:481,1
DA:483,1
DA:484,1
DA:485,1
DA:486,1
DA:487,1
DA:488,1
DA:489,1
DA:490,1
DA:491,2
DA:499,2
DA:500,1
DA:501,1
DA:503,1
DA:504,1
DA:505,1
DA:507,1
DA:508,1
DA:512,1
DA:517,0
DA:518,0
DA:520,0
DA:521,0
DA:523,0
DA:524,0
DA:675,1
DA:676,1
DA:677,1
DA:678,1
DA:679,1
DA:680,1
DA:681,1
DA:682,1
DA:683,1
DA:685,1
DA:688,1
DA:695,1
DA:697,1
DA:698,1
DA:699,1
DA:703,2
DA:704,1
DA:706,3
DA:707,1
DA:708,1
DA:709,1
DA:710,1
DA:718,1
DA:719,1
DA:723,1
DA:725,2
DA:727,1
DA:734,2
DA:735,1
DA:737,1
DA:738,1
DA:739,1
DA:740,3
DA:742,1
DA:743,3
DA:744,1
DA:745,2
DA:756,1
DA:757,1
DA:758,3
DA:760,0
DA:761,0
DA:772,1
DA:775,1
DA:778,1
DA:780,1
DA:791,1
DA:792,1
DA:793,1
DA:794,1
DA:798,2
DA:828,1
DA:829,2
DA:830,1
DA:831,3
DA:832,2
DA:833,2
DA:835,2
DA:837,4
DA:838,5
DA:839,6
DA:841,2
DA:901,1
DA:903,2
DA:904,1
DA:905,3
DA:906,1
DA:907,2
DA:908,1
DA:909,2
DA:910,1
DA:911,1
DA:912,2
DA:913,3
DA:916,2
DA:917,1
DA:922,1
DA:923,2
DA:924,1
DA:925,3
DA:926,1
DA:928,3
DA:929,2
DA:930,1
DA:931,2
DA:932,1
DA:934,1
DA:935,5
DA:936,1
DA:937,1
DA:940,3
DA:942,2
DA:943,4
DA:944,1
DA:945,5
DA:948,1
DA:949,2
DA:952,6
DA:953,5
DA:955,6
DA:956,3
DA:957,2
DA:958,4
DA:961,2
DA:963,1
DA:964,5
DA:969,1
DA:972,1
DA:973,0
DA:974,0
DA:976,1
DA:979,3
DA:980,2
DA:985,0
DA:989,0
DA:991,0
DA:993,0
DA:996,0
DA:1002,1
LF:278
LH:224
end_of_record
SF:lib\Dashboard\accessSharedDashboard.dart
DA:11,2
DA:13,1
DA:14,1
DA:24,1
DA:26,1
DA:28,2
DA:29,0
DA:31,1
DA:34,1
DA:36,3
DA:37,3
DA:44,1
DA:46,2
DA:47,1
DA:49,2
DA:50,1
DA:51,2
DA:52,1
DA:54,1
DA:55,1
DA:56,1
DA:57,1
DA:58,2
DA:59,1
DA:60,1
DA:61,2
DA:62,1
DA:63,1
DA:64,1
DA:65,1
DA:67,2
DA:68,1
DA:71,1
DA:72,1
DA:73,1
DA:79,1
DA:80,1
DA:81,1
DA:83,1
DA:85,1
DA:86,1
DA:91,0
DA:92,0
DA:93,0
DA:108,1
DA:109,2
DA:110,1
DA:112,1
DA:114,1
DA:115,1
DA:120,1
DA:121,1
DA:122,1
DA:123,1
DA:125,1
DA:126,1
DA:128,1
DA:131,1
DA:132,2
DA:134,1
DA:136,1
DA:138,1
DA:139,1
DA:144,2
DA:146,1
DA:148,1
DA:156,1
DA:158,1
DA:159,2
DA:161,1
DA:162,1
DA:167,2
DA:170,1
DA:171,1
DA:172,1
DA:179,1
DA:182,1
DA:183,1
DA:184,1
DA:185,1
DA:188,1
DA:190,1
DA:191,1
DA:192,2
DA:193,1
DA:195,3
DA:196,3
DA:199,3
DA:200,2
DA:201,1
DA:204,2
DA:205,1
DA:207,1
DA:208,1
DA:209,2
DA:210,1
DA:211,1
DA:212,1
DA:216,1
DA:217,1
DA:218,2
DA:219,1
DA:220,1
DA:222,2
DA:223,1
DA:224,3
DA:225,1
DA:226,1
DA:227,4
DA:228,2
DA:231,1
DA:232,1
DA:233,0
DA:235,0
DA:236,0
DA:238,0
DA:246,1
DA:247,1
DA:248,1
DA:252,2
DA:254,1
DA:255,1
DA:256,1
DA:258,1
DA:263,1
DA:266,1
DA:267,1
DA:268,0
DA:269,0
DA:271,0
DA:272,0
DA:273,0
DA:291,1
DA:292,1
DA:293,2
DA:295,1
DA:296,1
DA:297,1
DA:301,1
DA:302,2
DA:303,1
DA:304,1
DA:306,2
DA:308,4
DA:309,1
DA:310,1
DA:311,2
DA:312,1
DA:314,1
DA:315,1
DA:318,1
DA:319,1
DA:322,1
DA:325,1
DA:326,2
DA:327,1
DA:328,1
LF:157
LH:144
end_of_record
SF:lib\Registration\register.dart
DA:13,1
DA:17,1
DA:19,1
DA:20,1
DA:23,3
DA:24,3
DA:25,3
DA:26,3
DA:27,3
DA:37,1
DA:39,3
DA:40,3
DA:42,1
DA:44,2
DA:45,2
DA:46,1
DA:47,1
DA:48,1
DA:49,2
DA:50,1
DA:51,1
DA:52,2
DA:53,1
DA:54,1
DA:55,1
DA:56,1
DA:58,1
DA:59,2
DA:60,1
DA:61,1
DA:62,1
DA:68,1
DA:69,1
DA:70,1
DA:72,1
DA:74,1
DA:75,1
DA:80,0
DA:81,0
DA:82,0
DA:96,1
DA:97,2
DA:98,1
DA:100,1
DA:102,1
DA:103,1
DA:108,5
DA:117,1
DA:119,1
DA:121,1
DA:136,1
DA:138,2
DA:139,0
DA:140,0
DA:142,1
DA:143,1
DA:144,1
DA:147,1
DA:149,1
DA:150,1
DA:153,1
DA:154,2
DA:155,2
DA:156,2
DA:157,2
DA:158,2
DA:159,1
DA:167,1
DA:169,2
DA:170,1
DA:171,3
DA:172,1
DA:173,2
DA:181,2
DA:191,1
DA:194,5
DA:196,1
DA:197,0
DA:203,1
DA:209,0
DA:211,0
DA:220,1
DA:222,3
DA:226,1
DA:228,0
DA:229,0
DA:234,1
DA:235,2
DA:236,2
DA:237,2
DA:239,2
DA:240,1
DA:241,5
DA:242,2
DA:243,2
DA:245,4
DA:253,1
DA:255,3
DA:256,3
DA:258,1
DA:267,1
DA:269,1
DA:270,1
DA:271,1
DA:272,1
DA:273,2
DA:274,2
DA:275,2
DA:277,1
DA:278,1
DA:285,1
DA:286,1
DA:289,1
DA:290,2
DA:295,2
DA:297,1
DA:298,1
DA:299,1
DA:300,1
DA:301,1
DA:302,1
DA:309,1
DA:310,0
DA:311,0
DA:312,0
DA:314,1
DA:315,1
DA:316,1
DA:318,1
DA:319,1
DA:320,1
DA:325,0
DA:326,0
DA:327,0
DA:332,1
DA:333,1
DA:334,1
DA:335,1
DA:336,1
DA:338,1
DA:339,2
DA:341,2
DA:343,1
DA:345,1
DA:347,1
DA:356,2
DA:358,1
DA:359,1
DA:360,1
DA:361,1
DA:363,1
DA:364,1
DA:365,1
DA:370,0
DA:371,0
DA:372,0
DA:377,1
DA:378,1
DA:379,1
DA:382,1
DA:383,2
DA:385,1
DA:392,2
DA:393,1
DA:394,1
DA:401,1
DA:403,1
DA:404,2
DA:410,2
DA:411,1
DA:413,1
DA:414,1
DA:417,1
DA:426,1
DA:428,1
DA:429,2
DA:432,2
DA:440,2
DA:442,1
DA:443,1
DA:444,1
DA:451,1
DA:454,1
DA:455,1
DA:456,1
DA:457,1
DA:460,1
DA:462,1
DA:463,1
DA:464,1
DA:465,0
DA:466,0
DA:467,1
DA:468,1
DA:470,3
DA:472,1
DA:473,4
DA:476,1
DA:479,1
DA:481,1
DA:482,2
DA:486,1
DA:487,1
DA:488,1
DA:493,2
DA:494,1
DA:495,1
DA:496,1
DA:498,1
DA:500,1
DA:503,1
DA:504,1
DA:505,0
DA:507,0
DA:508,0
LF:215
LH:191
end_of_record
SF:lib\Devices\listOfDevices.dart
DA:18,1
DA:25,1
DA:26,1
DA:30,1
DA:32,2
DA:33,0
DA:34,0
DA:36,1
DA:41,1
DA:43,3
DA:44,3
DA:51,1
DA:52,1
DA:54,2
DA:55,1
DA:56,1
DA:57,2
DA:58,1
DA:59,1
DA:60,1
DA:61,1
DA:63,1
DA:64,2
DA:65,1
DA:66,1
DA:67,1
DA:73,2
DA:74,2
DA:75,1
DA:76,3
DA:77,1
DA:80,1
DA:81,2
DA:82,2
DA:83,1
DA:86,0
DA:87,0
DA:89,0
DA:90,0
DA:94,1
DA:96,1
DA:123,2
DA:124,1
DA:127,1
LF:44
LH:38
end_of_record
SF:lib\HouseAccount\list_of_houseAccounts.dart
DA:18,2
DA:20,2
DA:21,2
DA:54,2
DA:56,4
DA:64,0
DA:65,0
DA:67,4
DA:71,2
DA:99,2
DA:100,2
DA:101,4
DA:102,2
DA:103,5
DA:104,1
DA:105,2
DA:106,1
DA:107,0
DA:108,0
DA:109,0
DA:137,0
DA:138,0
DA:140,0
DA:145,2
DA:147,6
DA:148,6
DA:150,2
DA:152,4
DA:153,2
DA:154,2
DA:155,4
DA:156,2
DA:157,2
DA:158,2
DA:159,2
DA:161,2
DA:162,4
DA:163,2
DA:164,2
DA:165,2
DA:171,4
DA:172,4
DA:209,4
DA:210,2
DA:211,4
DA:217,2
DA:218,4
DA:219,2
DA:223,0
DA:224,0
DA:234,0
DA:238,4
DA:239,2
DA:240,2
DA:242,2
DA:243,2
DA:247,4
DA:264,2
DA:265,6
DA:266,2
DA:267,2
DA:276,2
DA:277,2
DA:278,2
DA:279,2
DA:280,4
DA:281,1
DA:282,0
DA:283,0
DA:287,0
DA:288,0
DA:289,0
DA:292,0
DA:300,0
DA:301,0
DA:302,0
DA:305,0
DA:583,0
DA:584,0
DA:587,0
DA:588,0
DA:590,0
DA:591,0
DA:592,0
DA:599,2
DA:600,1
DA:601,1
DA:602,3
DA:603,2
DA:604,1
DA:605,2
DA:606,1
DA:609,1
DA:610,2
DA:613,1
DA:614,0
DA:615,0
DA:625,0
DA:638,4
DA:639,2
DA:640,2
DA:641,6
DA:642,4
DA:643,2
DA:644,4
LF:105
LH:74
end_of_record
SF:lib\HouseAccount\list_of_houseMembers.dart
DA:17,1
DA:23,1
DA:24,1
DA:30,1
DA:32,2
DA:33,0
DA:34,0
DA:38,1
DA:67,1
DA:223,2
LF:10
LH:8
end_of_record
SF:lib\Registration\welcomePage.dart
DA:7,7
DA:9,2
DA:10,2
DA:14,2
DA:16,6
DA:17,6
DA:19,2
DA:20,4
DA:21,2
DA:22,2
DA:23,2
DA:24,4
DA:26,2
DA:27,2
DA:28,2
DA:33,4
DA:36,2
DA:38,2
DA:39,2
DA:40,2
DA:41,2
DA:48,2
DA:51,2
DA:52,2
DA:53,2
DA:54,2
DA:57,2
DA:59,2
DA:60,0
DA:61,0
DA:63,0
DA:64,0
DA:67,2
DA:69,2
DA:71,2
DA:72,2
DA:73,2
DA:77,4
DA:79,2
DA:80,2
DA:81,2
DA:82,2
DA:83,2
DA:90,2
DA:93,2
DA:94,2
DA:95,2
DA:96,2
DA:99,2
DA:101,2
DA:102,0
DA:103,0
DA:105,0
DA:106,0
DA:109,4
DA:110,2
DA:111,2
DA:112,2
DA:116,4
DA:118,2
DA:119,2
DA:120,2
DA:121,2
DA:122,2
DA:129,2
DA:132,2
DA:133,2
DA:134,2
DA:135,2
DA:138,2
DA:140,2
DA:141,0
DA:142,0
DA:144,0
DA:145,0
DA:148,2
DA:149,2
DA:150,2
DA:151,2
DA:152,2
DA:159,2
DA:160,2
DA:161,4
DA:162,2
DA:163,2
DA:164,2
DA:165,2
DA:167,2
DA:168,4
DA:169,2
DA:170,2
DA:171,2
DA:177,2
DA:178,2
DA:179,4
DA:180,2
DA:181,2
DA:183,2
DA:184,2
DA:185,2
DA:188,6
DA:189,2
DA:190,2
DA:191,2
DA:197,2
DA:198,2
DA:199,4
DA:200,4
DA:201,2
DA:203,2
DA:204,2
DA:205,2
DA:207,2
DA:208,4
DA:209,2
DA:210,2
DA:211,2
LF:117
LH:105
end_of_record
SF:lib\functions.dart
DA:12,1
DA:13,2
DA:14,0
DA:15,0
DA:16,0
DA:20,2
DA:31,2
DA:32,2
DA:37,4
DA:41,1
DA:44,1
DA:45,1
DA:46,1
DA:48,2
DA:49,6
DA:51,2
DA:52,6
DA:53,1
DA:56,1
DA:160,1
DA:161,1
DA:164,2
DA:165,3
DA:167,2
DA:169,2
DA:170,1
DA:171,2
DA:172,3
DA:176,1
DA:178,1
LF:30
LH:27
end_of_record
SF:lib\Devices\addDevice.dart
DA:19,1
DA:24,1
DA:25,1
DA:39,1
DA:41,2
DA:42,0
DA:43,0
DA:46,2
DA:47,0
DA:49,1
DA:394,1
DA:396,1
DA:397,3
DA:398,3
DA:400,1
DA:404,2
DA:405,1
DA:410,2
DA:411,1
DA:412,2
DA:413,1
DA:414,1
DA:415,1
DA:416,1
DA:417,1
DA:419,2
DA:420,1
DA:421,1
DA:423,1
DA:424,1
DA:425,1
DA:431,1
DA:432,2
DA:433,1
DA:434,1
DA:435,1
DA:436,1
DA:437,1
DA:439,2
DA:440,1
DA:443,1
DA:444,1
DA:445,1
DA:463,1
DA:466,1
DA:467,1
DA:475,1
DA:478,1
DA:479,1
DA:480,1
DA:481,1
DA:548,0
DA:558,0
DA:568,1
DA:597,1
DA:598,1
DA:601,1
DA:602,1
DA:603,1
DA:605,1
DA:608,1
DA:609,1
DA:610,1
DA:613,1
DA:623,2
DA:624,1
DA:625,1
DA:626,1
DA:627,1
DA:628,1
DA:629,1
DA:630,2
DA:641,1
DA:643,1
DA:648,1
DA:650,1
DA:651,1
DA:652,1
DA:657,1
DA:658,1
DA:675,1
DA:676,1
DA:677,1
DA:680,1
DA:681,1
DA:691,0
DA:692,0
DA:693,0
DA:701,1
DA:703,1
DA:708,1
DA:713,1
DA:718,1
DA:723,1
DA:728,1
DA:733,1
DA:738,1
DA:743,1
DA:748,1
DA:753,1
DA:758,1
DA:763,1
DA:768,1
DA:773,1
DA:778,1
DA:784,1
DA:788,1
DA:797,1
DA:802,1
DA:803,1
DA:804,1
DA:805,1
DA:809,1
DA:812,1
DA:813,1
DA:814,1
DA:816,1
DA:818,1
DA:821,1
DA:827,1
DA:832,1
DA:836,1
DA:851,1
DA:852,1
DA:853,1
DA:854,1
DA:858,1
DA:859,1
DA:860,0
DA:862,0
DA:865,1
DA:866,1
DA:867,1
DA:869,1
DA:870,2
DA:871,1
DA:873,2
DA:875,1
DA:877,1
DA:878,1
DA:880,2
DA:883,1
DA:885,1
DA:886,1
DA:887,0
DA:889,0
DA:891,0
DA:892,0
DA:893,0
DA:911,1
DA:913,2
DA:914,0
DA:917,4
DA:918,3
DA:919,2
DA:920,1
DA:923,4
DA:924,3
LF:158
LH:142
end_of_record
SF:lib\Devices\device.dart
DA:12,1
DA:17,1
DA:18,1
DA:27,1
DA:30,1
DA:52,1
DA:54,3
DA:55,3
DA:57,1
DA:61,2
DA:75,2
DA:76,1
DA:77,2
DA:78,1
DA:79,1
DA:80,1
DA:82,1
DA:83,1
DA:84,1
DA:86,1
DA:87,3
DA:92,1
DA:93,1
DA:94,1
DA:100,1
DA:101,2
DA:102,1
DA:103,1
DA:104,1
DA:105,1
DA:106,1
DA:108,1
DA:109,3
DA:114,1
DA:115,1
DA:116,1
DA:140,1
DA:141,1
DA:143,1
DA:144,1
DA:145,1
DA:147,1
DA:310,1
DA:313,1
DA:314,1
DA:315,0
DA:317,0
DA:318,0
DA:641,1
DA:642,1
DA:643,1
DA:645,1
LF:52
LH:49
end_of_record
SF:lib\HouseAccount\add_house_member.dart
DA:19,1
DA:24,1
DA:25,1
DA:37,1
DA:38,2
DA:39,2
DA:40,1
DA:41,1
DA:42,1
DA:45,1
DA:47,2
DA:48,1
DA:49,1
DA:50,1
DA:51,1
DA:53,2
DA:54,0
DA:55,0
DA:57,1
DA:60,1
DA:62,1
DA:65,1
DA:67,3
DA:68,3
DA:69,1
DA:73,2
DA:74,1
DA:79,2
DA:80,1
DA:81,2
DA:82,1
DA:83,1
DA:84,1
DA:85,1
DA:86,1
DA:88,2
DA:89,1
DA:90,1
DA:92,1
DA:93,1
DA:94,1
DA:100,1
DA:101,2
DA:102,1
DA:103,1
DA:104,1
DA:105,1
DA:106,1
DA:108,1
DA:109,2
DA:110,1
DA:111,1
DA:112,1
DA:118,1
DA:121,1
DA:122,1
DA:123,1
DA:126,0
DA:127,0
DA:128,0
DA:131,1
DA:134,1
DA:135,1
DA:143,1
DA:144,1
DA:145,1
DA:146,1
DA:147,1
DA:148,1
DA:149,1
DA:150,1
DA:151,1
DA:152,1
DA:154,1
DA:155,2
DA:162,2
DA:163,1
DA:164,1
DA:170,1
DA:172,1
DA:173,2
DA:179,2
DA:186,2
DA:187,1
DA:188,1
DA:192,1
DA:193,1
DA:194,1
DA:201,1
DA:203,1
DA:204,2
DA:207,2
DA:213,2
DA:220,2
DA:221,1
DA:222,1
DA:224,1
DA:229,1
DA:230,1
DA:232,1
DA:233,1
DA:234,1
DA:247,1
DA:252,1
DA:253,2
DA:254,2
DA:256,1
DA:257,1
DA:258,1
DA:259,1
DA:260,2
DA:261,1
DA:264,0
DA:265,0
DA:266,0
DA:267,0
DA:272,2
DA:273,1
DA:274,1
DA:275,1
DA:282,1
DA:286,1
DA:287,1
DA:288,1
DA:291,1
DA:293,1
DA:294,1
DA:297,3
DA:298,1
DA:299,2
DA:300,2
DA:301,2
DA:302,1
DA:304,1
DA:305,2
DA:307,0
DA:308,0
DA:310,0
DA:311,0
DA:312,0
DA:314,0
DA:315,0
DA:316,0
DA:318,0
DA:324,1
DA:325,1
DA:326,1
DA:339,0
DA:341,0
DA:342,0
DA:343,0
DA:346,0
DA:347,0
DA:348,0
DA:349,0
DA:351,0
DA:353,0
DA:354,0
DA:355,0
DA:359,1
DA:361,1
DA:362,0
DA:363,0
DA:364,0
DA:365,0
DA:366,0
DA:367,0
DA:368,0
LF:168
LH:131
end_of_record
SF:lib\HouseAccount\create_house_account.dart
DA:16,1
DA:18,1
DA:19,1
DA:54,1
DA:56,2
DA:57,0
DA:58,0
DA:60,2
DA:61,2
DA:62,1
DA:63,1
DA:65,1
DA:66,1
DA:67,1
DA:68,1
DA:69,1
DA:70,1
DA:73,1
DA:76,1
DA:77,2
DA:78,3
DA:82,1
DA:83,2
DA:84,3
DA:85,3
DA:86,3
DA:87,3
DA:88,3
DA:89,3
DA:90,3
DA:91,3
DA:92,3
DA:93,3
DA:97,1
DA:98,2
DA:100,3
DA:101,2
DA:102,1
DA:103,1
DA:104,1
DA:107,2
DA:108,2
DA:109,1
DA:110,2
DA:111,3
DA:112,1
DA:113,1
DA:114,1
DA:117,2
DA:124,2
DA:125,1
DA:127,3
DA:138,1
DA:139,5
DA:140,0
DA:146,2
DA:147,1
DA:148,3
DA:161,1
DA:162,5
DA:164,0
DA:165,0
DA:166,0
DA:172,2
DA:173,1
DA:174,1
DA:176,1
DA:177,1
DA:179,3
DA:191,1
DA:196,1
DA:197,2
DA:198,2
DA:200,0
DA:201,0
DA:202,0
DA:203,0
DA:204,0
DA:205,0
DA:206,0
DA:209,0
DA:210,0
DA:211,0
DA:212,0
DA:213,0
DA:221,1
DA:222,2
DA:223,2
DA:224,2
DA:225,2
DA:226,2
DA:227,2
DA:228,2
DA:229,2
DA:230,2
DA:231,2
DA:232,2
DA:235,1
DA:237,1
DA:240,0
DA:241,0
DA:243,0
DA:250,0
DA:251,0
DA:253,0
DA:254,0
DA:255,0
DA:256,0
DA:257,0
DA:258,0
DA:259,0
DA:260,0
DA:261,0
DA:262,0
DA:263,0
DA:264,0
DA:265,0
DA:266,0
DA:267,0
DA:268,0
DA:269,0
DA:270,0
DA:280,1
DA:282,3
DA:283,3
DA:285,1
DA:286,1
DA:290,2
DA:291,1
DA:296,2
DA:297,1
DA:298,2
DA:299,1
DA:300,1
DA:301,1
DA:302,1
DA:303,1
DA:305,2
DA:306,1
DA:307,1
DA:309,1
DA:310,1
DA:311,1
DA:317,1
DA:318,2
DA:319,1
DA:320,1
DA:321,1
DA:322,1
DA:323,1
DA:325,1
DA:326,2
DA:327,1
DA:328,1
DA:329,1
DA:335,1
DA:338,1
DA:339,1
DA:340,1
DA:343,0
DA:344,0
DA:345,0
DA:348,1
DA:351,1
DA:352,1
DA:360,1
DA:361,2
DA:362,1
DA:363,1
DA:365,1
DA:366,1
DA:367,1
DA:369,1
DA:374,1
DA:375,2
DA:376,1
DA:377,1
DA:380,1
DA:381,2
DA:386,2
DA:394,2
DA:395,1
DA:396,1
DA:409,1
DA:411,1
DA:412,2
DA:418,2
DA:426,2
DA:427,1
DA:428,1
DA:429,1
DA:430,1
DA:431,1
DA:432,1
DA:433,1
DA:435,1
DA:436,1
DA:446,2
DA:447,1
DA:449,2
DA:461,1
DA:462,4
DA:464,1
DA:465,2
DA:471,2
DA:472,1
DA:473,2
DA:487,1
DA:489,1
DA:491,1
DA:492,4
DA:494,1
DA:495,2
DA:496,2
DA:502,2
DA:503,1
DA:504,1
DA:505,1
DA:510,1
DA:511,1
DA:513,1
DA:514,1
DA:515,1
DA:529,1
DA:537,1
DA:538,2
DA:539,2
DA:541,0
DA:542,0
DA:543,0
DA:544,0
DA:545,0
DA:546,0
DA:547,0
DA:550,0
DA:551,0
DA:552,0
DA:553,0
DA:554,0
DA:559,1
DA:563,2
DA:564,1
DA:565,2
DA:567,1
DA:568,3
DA:569,1
DA:574,1
DA:575,3
DA:576,1
DA:579,1
DA:580,1
DA:584,1
DA:587,1
DA:588,1
DA:594,1
DA:597,1
DA:604,1
DA:608,1
DA:609,1
DA:610,1
DA:614,1
DA:616,1
DA:617,1
DA:618,1
DA:620,1
DA:621,2
DA:622,1
DA:624,2
DA:625,1
DA:626,2
DA:627,1
DA:628,1
DA:629,1
DA:630,2
DA:631,1
DA:632,1
DA:633,1
DA:634,2
DA:635,2
DA:637,2
DA:641,2
DA:642,1
DA:643,2
DA:644,2
DA:645,1
DA:646,1
DA:648,0
DA:649,0
DA:650,0
DA:651,0
DA:654,1
DA:655,1
DA:656,0
DA:660,0
DA:662,0
DA:663,0
DA:664,0
DA:666,0
DA:667,0
DA:668,0
DA:669,0
DA:672,0
DA:673,0
DA:676,0
DA:679,0
DA:680,0
DA:684,1
DA:686,1
DA:688,1
DA:691,1
DA:696,1
DA:700,1
DA:704,1
DA:719,2
LF:314
LH:240
end_of_record
SF:lib\Registration\profile.dart
DA:15,1
DA:16,1
DA:17,1
DA:21,0
DA:22,3
DA:23,0
DA:24,3
DA:34,1
DA:36,1
DA:37,1
DA:52,3
DA:53,3
DA:54,2
DA:75,1
DA:77,3
DA:78,3
DA:82,1
DA:90,2
DA:91,2
DA:92,1
DA:93,1
DA:94,1
DA:95,2
DA:96,1
DA:97,1
DA:98,2
DA:99,1
DA:100,1
DA:101,1
DA:102,1
DA:104,1
DA:105,2
DA:106,1
DA:107,1
DA:108,1
DA:114,1
DA:115,1
DA:116,1
DA:194,1
DA:196,1
DA:198,1
DA:202,1
DA:204,1
DA:205,1
DA:206,1
DA:209,1
DA:210,2
DA:229,1
DA:231,2
DA:232,1
DA:240,2
DA:284,2
DA:329,2
DA:330,1
DA:332,1
DA:333,1
DA:335,1
DA:336,1
DA:337,1
DA:339,1
DA:340,1
DA:341,1
DA:348,1
DA:351,1
DA:352,1
DA:353,1
DA:354,1
DA:357,1
DA:359,1
DA:360,0
DA:361,0
DA:366,1
DA:371,1
DA:372,1
DA:376,1
DA:377,1
DA:429,1
DA:430,1
DA:437,1
DA:439,1
DA:441,1
DA:442,1
DA:443,1
DA:444,1
DA:445,1
DA:452,1
DA:455,1
DA:456,1
DA:458,0
DA:461,0
DA:465,1
DA:467,1
DA:468,0
DA:470,0
DA:471,0
DA:473,0
DA:484,0
DA:485,0
DA:486,0
DA:487,0
DA:495,0
DA:498,0
DA:499,0
DA:503,0
DA:505,0
DA:516,0
DA:517,0
DA:518,0
DA:520,0
DA:538,2
DA:802,0
DA:803,0
DA:804,0
DA:805,0
DA:806,0
DA:807,0
DA:808,0
DA:809,0
DA:810,0
DA:812,0
LF:120
LH:87
end_of_record
SF:lib\Registration\login.dart
DA:15,2
DA:17,1
DA:18,1
DA:22,1
DA:24,2
DA:25,0
DA:27,1
DA:30,1
DA:32,3
DA:33,3
DA:35,1
DA:37,2
DA:38,1
DA:40,2
DA:41,1
DA:42,2
DA:43,1
DA:45,1
DA:46,1
DA:47,1
DA:48,1
DA:49,2
DA:50,1
DA:51,1
DA:52,2
DA:53,1
DA:54,1
DA:55,1
DA:56,1
DA:58,2
DA:59,1
DA:62,1
DA:63,1
DA:64,1
DA:70,1
DA:71,1
DA:72,1
DA:74,1
DA:76,1
DA:77,1
DA:82,0
DA:83,0
DA:84,0
DA:99,1
DA:100,2
DA:101,1
DA:103,1
DA:105,1
DA:106,1
DA:111,3
DA:120,1
DA:121,2
DA:122,2
DA:128,1
DA:130,1
DA:131,1
DA:137,0
DA:142,1
DA:144,3
DA:145,3
DA:152,1
DA:153,1
DA:154,1
DA:155,1
DA:156,2
DA:157,1
DA:160,1
DA:161,2
DA:162,1
DA:164,1
DA:166,1
DA:167,1
DA:172,2
DA:173,1
DA:174,1
DA:182,1
DA:183,1
DA:186,1
DA:187,2
DA:193,2
DA:194,1
DA:195,1
DA:196,1
DA:197,1
DA:199,1
DA:200,1
DA:201,1
DA:206,0
DA:207,0
DA:208,0
DA:213,1
DA:214,1
DA:217,1
DA:218,2
DA:224,2
DA:225,1
DA:226,1
DA:236,2
DA:237,1
DA:238,1
DA:239,1
DA:246,1
DA:250,1
DA:251,1
DA:252,1
DA:255,1
DA:257,1
DA:258,1
DA:259,3
DA:260,1
DA:262,1
DA:264,1
DA:265,1
DA:267,1
DA:268,2
DA:273,1
DA:274,1
DA:275,1
DA:279,2
DA:280,1
DA:281,1
DA:282,1
DA:284,1
DA:289,1
DA:292,1
DA:293,1
DA:294,0
DA:295,0
DA:297,0
DA:298,0
DA:309,1
DA:310,3
DA:311,3
DA:312,2
DA:313,1
DA:317,3
DA:318,4
DA:320,0
DA:321,0
DA:322,0
DA:323,0
LF:141
LH:125
end_of_record
SF:lib\main.dart
DA:15,0
DA:17,0
DA:51,1
DA:57,1
DA:59,1
DA:66,1
DA:69,1
DA:94,1
DA:95,1
DA:100,1
DA:101,1
LF:11
LH:9
end_of_record
